      index     Bf_exp    Bf_theo    Bf_theo_smooth
           1   3.4310946       3.4738874       3.1161768    
           2   5.7074895       2.7584662       3.0526011    
           3   2.6962361       2.9254494       2.9426949    
           4   1.9589620       3.1441693       2.9843051    
           5   2.3638525       2.8832965       2.9090517    
           6   3.7475812       2.6996894       2.5456200    
           7   5.6161985       2.0538740       2.4354923    
           8   2.0313630       2.5529137       2.3156667    
           9   3.2290814       2.3402121       2.4403701    
          10   3.7766449       2.4279845       2.5521643    
          11   6.0760632       2.8882961       2.9396834    
          12   2.9287515       3.5027697       2.9191740    
          13   3.7553334       2.3664560       3.0416055    
          14   2.8750014       3.2555904       2.9139662    
          15   6.4978189       3.1198521       3.2241533    
          16   4.8724570       3.2970171       3.1482868    
          17   4.4042354       3.0279913       2.9909017    
          18   4.0186620       2.6476970       3.1697402    
          19   4.3577638       3.8335321       3.0467281    
          20   4.9799013       2.6589556       3.5789700    
          21   5.8911948       4.2444220       3.8985372    
          22   9.0082884       4.7922339       4.7019901    
          23   11.323113       5.0693145       6.3365388    
          24   7.5650516       9.1480684       6.1594844    
          25   5.9393029       4.2610707       5.7581987    
          26   5.6888499       3.8654571       3.5637162    
          27   4.2024145       2.5646207       2.9600170    
          28   3.4743001       2.4499731       2.3507717    
          29   7.3193145       2.0377214       2.2584951    
          30   3.5420880       2.2877905       2.9000309    
          31   2.1867640       4.3745804       3.2824085    
          32   3.3417878       3.1848545       4.2041821    
          33   3.3799272       5.0531111       4.7015080    
          34   3.7634711       5.8665581       4.8107004    
          35   3.9401040       3.5124326       3.9793572    
          36   4.1903162       2.5590811       3.1254079    
          37   2.0923662       3.3047101       2.8361864    
          38   5.1068306       2.6447682       2.6844316    
          39   3.7686071       2.1038165       2.7391560    
          40   2.3418574       3.4688830       2.7957728    
          41   3.1113276       2.8146186       3.0427086    
          42   4.7055359       2.8446240       3.0245979    
          43   4.2676468       3.4145513       3.5983746    
          44   7.6946316       4.5359483       4.8696084    
          45   6.4241285       6.6583252       7.2535257    
          46   7.9013324       10.566303       11.898605    
          47   5.5733085       18.471188       11.860515    
          48   5.3239970       6.5440531       10.205602    
          49   7.5677347       5.6015644       6.5127983    
          50   4.6678319       7.3927779       6.9556723    
          51   5.0433812       7.8726740       6.6026769    
          52   5.1477385       4.5425782       6.8614149    
          53   4.4965401       8.1689930       5.8124571    
          54   2.5961056       4.7257996       7.0324540    
          55   3.8389115       8.2025700       7.7473588    
          56   4.4156232       10.313707       7.9667025    
          57   4.5604115       5.3838296       6.8222861    
          58   4.0923648       4.7693210       6.4970078    
          59   4.4260979       9.3378735       8.7147598    
          60   3.7589278       12.037085       9.1448965    
          61   4.5276666       6.0597324       8.0993862    
          62   7.2971501       6.2013402       6.2098451    
          63   5.2738957       6.3684626       7.5818019    
          64   4.7137871       10.175603       7.7041783    
          65   5.6111803       6.5684700       7.0321698    
          66   3.6530247       4.3524370       5.2808080    
          67   5.8387427       4.9215174       4.2195325    
          68   6.0597529       3.3846433       4.5439034    
          69   5.1772084       5.3255491       4.2203903    
          70   9.5481443       3.9509790       4.8743730    
          71   12.319985       5.3465910       9.9300098    
          72   6.5626650       20.492458       11.280730    
          73   7.3957872       8.0031404       12.152450    
          74   5.6853113       7.9617510       6.8655500    
          75   5.4712687       4.6317587       7.6885200    
          76   4.4059472       10.472050       6.5266719    
          77   5.7891855       4.4762073       7.2987394    
          78   4.8911343       6.9479609       5.2265654    
          79   9.0539093       4.2555285       5.7196465    
          80   3.4748762       5.9554496       4.9183550    
          81   5.1483941       4.5440865       5.2592916    
          82   3.9417925       5.2783384       4.9205790    
          83   3.0038610       4.9393125       4.9909906    
          84   3.1356106       4.7553205       4.3775263    
          85   4.9214869       3.4379458       3.5861135    
          86   3.7698076       2.5650740       2.9364970    
          87   3.8502271       2.8064711       3.1543608    
          88   3.7514951       4.0915370       3.3421259    
          89   4.0385160       3.1283698       4.3165841    
          90   4.0307040       5.7298450       4.4068251    
          91   4.3855801       4.3622608       6.3437076    
          92   4.0219803       8.9390173       6.4491534    
          93   4.8009820       6.0461822       6.8474755    
          94   6.0609550       5.5572271       5.5188651    
          95   3.7761214       4.9531860       6.2803998    
          96   4.7480192       8.3307858       6.4907188    
          97   3.8054817       6.1881852       6.3578706    
          98   4.6698141       4.5546412       4.8318367    
          99   4.1499162       3.7526832       5.0475149    
         100   3.9601963       6.8352199       5.1699381    
         101   2.2717693       4.9219112       5.7231302    
         102   2.8851964       5.4122596       4.7669091    
         103   1.8748667       3.9665561       4.3382506    
         104   3.1752493       3.6359367       4.0565529    
         105   2.2225077       4.5671663       3.7983224    
         106   3.3093774       3.1918640       4.6451197    
         107   3.4236975       6.1763282       4.4315944    
         108   3.6251256       3.9265909       4.2288661    
         109   5.9990263       2.5836792       3.3400583    
         110   2.9858248       3.5099049       2.9095638    
         111   3.1452377       2.6351073       2.8571625    
         112   1.9851272       2.4264750       2.4278629    
         113   3.8771384       2.2220061       2.2228355    
         114   2.4938469       2.0200257       2.1190114    
         115   2.4684005       2.1150024       2.0463030    
         116   3.8706884       2.0038807       2.2884169    
         117   4.0866637       2.7463677       2.6187959    
         118   2.0851038       3.1061392       3.2607803    
         119   3.8949142       3.9298339       3.2182529    
         120   6.4472976       2.6187859       3.2538161    
         121   4.7364368       3.2128289       2.8510571    
         122   3.5588987       2.7215562       2.8061113    
         123   4.8239145       2.4839489       2.4229403    
         124   5.2357473       2.0633159       2.2175922    
         125   2.8836346       2.1055117       2.2474310    
         126   1.6421286       2.5734658       2.3910680    
         127   2.4722836       2.4942265       2.6065850    
         128   5.0076718       2.7520630       2.4797552    
         129   4.4385676       2.1929760       2.6417093    
         130   3.4623246       2.9800887       2.9157336    
         131   2.6438756       3.5741358       3.4082661    
         132   4.1123209       3.6705737       3.7791843    
         133   3.3962653       4.0928435       3.8643301    
         134   2.0456543       3.8295727       3.5594275    
         135   3.6124356       2.7558665       2.9691885    
         136   3.0384853       2.3221264       2.8074710    
         137   2.5772860       3.3444200       2.6966536    
         138   4.5073528       2.4234147       2.7174890    
         139   3.8428257       2.3846326       2.3948839    
         140   1.8841671       2.3766041       2.6291153    
         141   2.8217416       3.1261096       3.2200768    
         142   3.7341907       4.1575170       3.2713363    
         143   6.2322359       2.5303826       3.0013220    
         144   3.6078048       2.3160665       2.4629402    
         145   4.4072556       2.5423715       2.2184851    
         146   5.1046090       1.7970171       2.1141961    
         147   3.2345331       2.0031993       1.9348565    
         148   2.3880444       2.0043533       1.9928795    
         149   4.3301373       1.9710858       2.1280532    
         150   1.8738962       2.4087205       2.3705037    
         151   3.2241666       2.7317047       2.6961105    
         152   3.4833336       2.9479063       3.7009139    
         153   4.3100796       5.4231310       4.7046113    
         154   7.7839026       5.7427969       6.4983811    
         155   4.9206309       8.3292160       6.4366803    
         156   7.0929446       5.2380285       5.4612579    
         157   3.4160883       2.8165288       3.7255445    
         158   4.3410230       3.1220758       2.8750715    
         159   1.8046963       2.6866097       2.8909411    
         160   4.4208956       2.8641381       2.6096087    
         161   1.6444393       2.2780778       2.5122669    
         162   3.3388741       2.3945849       2.3024433    
         163   1.9227644       2.2346673       2.3113530    
         164   2.1049089       2.3048067       2.4863603    
         165   3.2794032       2.9196069       2.8999295    
         166   2.4228513       3.4753752       3.2641912    
         167   3.8715146       3.3975916       4.2000494    
         168   4.6243949       5.7271810       4.9845662    
         169   4.7339063       5.8289261       5.0320244    
         170   6.7603154       3.5399654       4.1982808    
         171   3.7860048       3.2259510       3.1655025    
         172   2.3818581       2.7305913       2.6591671    
         173   4.0113959       2.0209587       2.2329407    
         174   4.8436899       1.9472718       2.0856199    
         175   2.9008420       2.2886291       2.3905807    
         176   2.9203968       2.9358411       2.5576093    
         177   2.2583659       2.4483576       3.2598855    
         178   2.7967453       4.3954582       3.1622765    
         179   6.3012757       2.6430135       3.7334211    
         180   3.4934535       4.1617918       3.3144505    
         181   2.0474482       3.1385460       3.4989707    
         182   1.8243684       3.1965742       3.2720063    
         183   6.6342111       3.4808986       3.8817675    
         184   3.9540493       4.9678297       4.0824919    
         185   2.5429468       3.7987480       4.1898351    
         186   4.2466221       3.8029280       3.6044776    
         187   2.9697487       3.2117567       4.3421855    
         188   3.1904535       6.0118723       4.8242917    
         189   3.8519776       5.2492456       5.6892934    
         190   5.7830734       5.8067627       5.9997106    
         191   9.4892368       6.9431233       6.0515094    
         192   4.9056520       5.4046426       5.9319482    
         193   7.8340688       5.4480782       5.0563965    
         194   7.5295777       4.3164692       5.3926306    
         195   8.8895197       6.4133444       9.4394941    
         196   5.0039024       17.588669       9.9455051    
         197   4.1146545       5.8345027       9.6109991    
         198   4.5525713       5.4098253       4.9980688    
         199   4.7892170       3.7498777       4.0232301    
         200   3.6316032       2.9099870       3.2061298    
         201   4.3241787       2.9585249       2.8921068    
         202   4.4328594       2.8078084       2.8065648    
         203   3.8846951       2.6533608       2.6382413    
         204   4.3640695       2.4535544       2.5214241    
         205   4.3634415       2.4573572       2.3580987    
         206   6.9505143       2.1633849       2.5894766    
         207   2.3626912       3.1476877       2.6045854    
         208   4.4196882       2.5026836       3.0546196    
         209   2.9820931       3.5134871       2.8175232    
         210   7.4867954       2.4363990       2.9546652    
         211   7.9517169       2.9141092       3.0553734    
         212   6.0199013       3.8156123       3.5992687    
         213   5.2377319       4.0680847       4.0808539    
         214   5.3495717       4.3588653       4.4785480    
         215   11.254197       5.0086937       4.7439566    
         216   5.5661917       4.8643112       6.2742848    
         217   4.5332408       8.9498491       6.9829350    
         218   3.1110694       7.1346445       6.7457242    
         219   3.8463414       4.1526785       5.3077278    
         220   6.0644522       4.6358604       5.0132537    
         221   6.2676411       6.2512226       10.423138    
         222   5.2805901       20.382330       12.436120    
         223   4.6826086       10.674809       12.734874    
         224   6.6957397       7.1474833       7.9755316    
         225   6.3784785       6.1043024       7.1529341    
         226   6.0879536       8.2070169       6.9140644    
         227   5.0303769       6.4308734       8.2672482    
         228   5.5324178       10.163854       8.1552935    
         229   6.2634382       7.8711534       7.5590429    
         230   3.4640751       4.6421213       6.2407403    
         231   4.7942214       6.2089467       6.4869108    
         232   5.0663667       8.6096649       6.6619682    
         233   5.8662663       5.1672926       5.9228973    
         234   7.7919197       3.9917352       6.0872030    
         235   7.1677237       9.1025820       7.8728247    
         236   4.4908414       10.524157       9.4468384    
         237   3.3730392       8.7137756       9.2164536    
         238   4.8620434       8.4114285       7.2528687    
         239   2.7717793       4.6334014       5.8540974    
         240   3.9953482       4.5174623       4.8018174    
         241   4.7459459       5.2545886       4.7856145    
         242   4.0943522       4.5847931       5.6347346    
         243   4.6258583       7.0648222       7.5272813    
         244   3.9060359       10.932228       9.8559742    
         245   3.9246545       11.570873       9.4137669    
         246   3.1086082       5.7382007       7.4884253    
         247   4.9207897       5.1562018       6.9664168    
         248   5.0401516       10.004848       6.9127913    
         249   4.5595732       5.5773239       6.3807268    
         250   4.4604616       3.5600090       4.6610808    
         251   8.9949789       4.8459091       4.8435087    
         252   5.2953038       6.1246085       4.8791952    
         253   4.7228837       3.6670685       4.9005051    
         254   6.6181793       4.9098387       5.2540684    
         255   8.2901192       7.1852980       6.3653941    
         256   4.7767859       7.0010457       6.6051979    
         257   6.1130648       5.6292496       6.5707912    
         258   11.089630       7.0820789       5.9496298    
         259   5.4892154       5.1375608       5.6555023    
         260   8.6193113       4.7468672       4.6179924    
         261   5.0831308       3.9695487       4.6683054    
         262   4.7874932       5.2885008       4.9632149    
         263   5.2102513       5.6315956       4.9042287    
         264   5.6889682       3.7925899       4.3998232    
         265   7.1773758       3.7752848       3.6601372    
         266   9.0251522       3.4125369       3.5206032    
         267   7.0288515       3.3739877       3.2967448    
         268   4.7028141       3.1037102       3.8527472    
         269   4.6081595       5.0805440       4.7907562    
         270   5.1954389       6.1880140       5.0898757    
         271   4.9391389       4.0010691       5.0500994    
         272   4.8564286       4.9612155       5.7348776    
         273   4.7140055       8.2423487       7.5041432    
         274   5.5253224       9.3088655       7.5716324    
         275   10.940932       5.1636834       6.8636093    
         276   6.8615427       6.1182785       8.2973232    
         277   5.8052368       13.610008       9.0919952    
         278   11.228079       7.5476990       10.002182    
         279   4.2370720       8.8488388       7.2591200    
         280   5.9452510       5.3808227       5.9131861    
         281   4.7437563       3.5098970       4.0766020    
         282   4.7927337       3.3390856       3.6546402    
         283   9.6159124       4.1149378       3.8807254    
         284   6.4037600       4.1881528       4.1338248    
         285   7.4964185       4.0983839       4.3065119    
         286   4.5703464       4.6329985       3.9967318    
         287   4.0890465       3.2588127       3.7935941    
         288   4.0923839       3.4889715       3.2713132    
         289   3.7753887       3.0661557       3.1646435    
         290   3.5687962       2.9388032       2.8895521    
         291   2.8550599       2.6636975       2.7936623    
         292   4.4182205       2.7784865       2.7665775    
         293   4.5734615       2.8575485       3.2366903    
         294   3.4136271       4.0740356       3.2564087    
         295   4.1830082       2.8376417       3.1710844    
         296   5.1153927       2.6015761       3.0556607    
         297   5.4623108       3.7277641       3.2434845    
         298   3.6886649       3.4011135       3.3409224    
         299   4.3534775       2.8938897       3.4394536    
         300   9.0715618       4.0233579       3.8920426    
         301   8.2401724       4.7588806       4.0384798    
         302   11.840700       3.3332005       3.8799093    
         303   6.9332595       3.5476470       3.5996912    
         304   7.2869573       3.9182262       3.7080925    
         305   4.4043965       3.6584039       3.6009524    
         306   3.4310946       3.2262273       3.1938000    
         307   5.7074895       2.6967690       2.9429376    
         308   2.6962361       2.9058168       2.9106309    
         309   1.9589620       3.1293073       2.9719367    
         310   2.3638525       2.8806858       2.9015684    
         311   3.7475812       2.6947124       2.5430007    
         312   5.6161985       2.0536036       2.4334981    
         313   2.0313630       2.5521781       2.3146789    
         314   3.2290814       2.3382547       2.4399569    
         315   3.7766449       2.4294381       2.5525167    
         316   6.0760632       2.8898573       2.9417686    
         317   2.9287515       3.5060105       2.9222724    
         318   3.7553334       2.3709497       3.0466425    
         319   2.8750014       3.2629673       2.9199257    
         320   6.4978189       3.1258602       3.2311640    
         321   4.8724570       3.3046641       3.1573577    
         322   4.4042354       3.0415485       3.0033469    
         323   4.0186620       2.6638284       3.1973991    
         324   4.3577638       3.8868206       3.0814455    
         325   4.9799013       2.6936877       3.6349957    
         326   5.8911948       4.3244786       3.9700978    
         327   9.0082884       4.8921270       4.7938929    
         328   11.323113       5.1650729       6.5046387    
         329   7.5650516       9.4567156       6.4405723    
         330   5.9393029       4.6999283       6.0726914    
         331   5.6888499       4.0614309       3.8220685    
         332   4.2024145       2.7048459       3.0938430    
         333   3.4743001       2.5152521       2.4223149    
         334   7.3193145       2.0468464       2.2851145    
         335   3.5420880       2.2932453       2.9124267    
         336   2.1867640       4.3971887       3.2940404    
         337   3.3417878       3.1916871       4.2206454    
         338   3.3799272       5.0730610       4.7205925    
         339   3.7634711       5.8970289       4.8308764    
         340   3.9401040       3.5225387       3.9951169    
         341   4.1903162       2.5657833       3.1345387    
         342   2.0923662       3.3152943       2.8487608    
         343   5.1068306       2.6652048       2.7336509    
         344   3.7686071       2.2204535       2.8449748    
         345   2.3418574       3.6492658       3.0212259    
         346   3.1113276       3.1939585       3.2900462    
         347   4.7055359       3.0269146       3.2641931    
         348   4.2676468       3.5717063       3.8773146    
         349   7.6946316       5.0333228       5.3518043    
         350   6.4241285       7.4503832       8.1339188    
         351   7.9013324       11.918051       13.230610    
         352   5.5733085       20.323397       13.178707    
         353   5.3239970       7.2946749       11.537964    
         354   7.5677347       6.9958205       7.6159878    
         355   4.6678319       8.5574684       8.0331860    
         356   5.0433812       8.5462675       7.3453217    
         357   5.1477385       4.9322290       7.3529572    
         358   4.4965401       8.5803757       6.1869226    
         359   2.5961056       5.0481634       7.3797946    
         360   3.8389115       8.5108442       8.0884256    
         361   4.4156232       10.706268       8.2945118    
         362   4.5604115       5.6664228       7.0903006    
         363   4.0923648       4.8982105       6.7185874    
         364   4.4260979       9.5911283       8.9904976    
         365   3.7589278       12.482155       9.4273624    
         366   4.5276666       6.2088051       8.3198328    
         367   7.2971501       6.2685394       6.3007102    
         368   5.2738957       6.4247866       7.6562114    
         369   4.7137871       10.275309       7.7871690    
         370   5.6111803       6.6614122       7.1186647    
         371   3.6530247       4.4192734       5.3567176    
         372   5.8387427       4.9894671       4.2731209    
         373   6.0597529       3.4106219       4.5935659    
         374   5.1772084       5.3806090       4.2541685    
         375   9.5481443       3.9712741       4.9074664    
         376   12.319985       5.3705163       9.9728165    
         377   6.5626650       20.576658       11.332767    
         378   7.3957872       8.0511246       12.218494    
         379   5.6853113       8.0276995       6.9132442    
         380   5.4712687       4.6609082       7.7437444    
         381   4.4059472       10.542625       6.5691452    
         382   5.7891855       4.5039020       7.3468843    
         383   4.8911343       6.9941249       5.2578411    
         384   9.0539093       4.2754965       5.7665415    
         385   3.4748762       6.0300026       4.9619579    
         386   5.1483941       4.5803747       5.3295813    
         387   3.9417925       5.3783665       4.9808269    
         388   3.0038610       4.9837394       5.0583415    
         389   3.1356106       4.8129187       4.4355912    
         390   4.9214869       3.5101156       3.6376336    
         391   3.7698076       2.5898662       2.9792645    
         392   3.8502271       2.8378117       3.1815853    
         393   3.7514951       4.1170778       3.3665612    
         394   4.0385160       3.1447937       4.3430071    
         395   4.0307040       5.7671499       4.4319801    
         396   4.3855801       4.3839960       6.3819003    
         397   4.0219803       8.9945545       6.4869576    
         398   4.8009820       6.0823226       6.8850574    
         399   6.0609550       5.5782948       5.5449667    
         400   3.7761214       4.9742832       6.3040280    
         401   4.7480192       8.3595066       6.5141664    
         402   3.8054817       6.2087092       6.3787608    
         403   4.6698141       4.5680661       4.8452768    
         404   4.1499162       3.7590556       5.0567932    
         405   3.9601963       6.8432584       5.1773376    
         406   2.2717693       4.9296994       5.7301559    
         407   2.8851964       5.4175100       4.7739096    
         408   1.8748667       3.9745195       4.3445883    
         409   3.1752493       3.6417353       4.0667892    
         410   2.2225077       4.5841126       3.8076761    
         411   3.3093774       3.1971805       4.6542549    
         412   3.4236975       6.1814723       4.4364929    
         413   3.6251256       3.9308252       4.2325001    
         414   5.9990263       2.5852025       3.3424647    
         415   2.9858248       3.5113664       2.9109044    
         416   3.1452377       2.6361442       2.8602741    
         417   1.9851272       2.4333119       2.4314432    
         418   3.8771384       2.2248738       2.2286603    
         419   2.4938469       2.0277953       2.1253250    
         420   2.4684005       2.1233060       2.0543466    
         421   3.8706884       2.0119381       2.3069763    
         422   4.0866637       2.7856846       2.6656985    
         423   2.0851038       3.1994729       3.3293116    
         424   3.8949142       4.0027771       3.2780998    
         425   6.4472976       2.6320491       3.2884603    
         426   4.7364368       3.2305548       2.8649726    
         427   3.5588987       2.7323136       2.8183603    
         428   4.8239145       2.4922128       2.4302995    
         429   5.2357473       2.0663722       2.2220969    
         430   2.8836346       2.1077056       2.2528853    
         431   1.6421286       2.5845780       2.3960912    
         432   2.4722836       2.4959898       2.6126552    
         433   5.0076718       2.7573979       2.4832778    
         434   4.4385676       2.1964455       2.6471636    
         435   3.4623246       2.9876475       2.9237144    
         436   2.6438756       3.5870502       3.4176149    
         437   4.1123209       3.6781473       3.7920485    
         438   3.3962653       4.1109481       3.8778925    
         439   2.0456543       3.8445818       3.5757236    
         440   3.6124356       2.7716413       2.9848397    
         441   3.0384853       2.3382959       2.8290713    
         442   2.5772860       3.3772764       2.7224238    
         443   4.5073528       2.4516993       2.7492995    
         444   3.8428257       2.4189227       2.4631686    
         445   1.8841671       2.5188839       2.7727137    
         446   2.8217416       3.3803344       3.6324914    
         447   3.7341907       4.9982557       3.7150722    
         448   6.2322359       2.7666264       3.4268997    
         449   3.6078048       2.5158167       2.6922107    
         450   4.4072556       2.7941892       2.3878293    
         451   5.1046090       1.8534822       2.2319815    
         452   3.2345331       2.0482728       1.9721297    
         453   2.3880444       2.0146341       2.0128140    
         454   4.3301373       1.9755352       2.1346562    
         455   1.8738962       2.4137995       2.3743865    
         456   3.2241666       2.7338252       2.6980977    
         457   3.4833336       2.9466686       3.7007017    
         458   4.3100796       5.4216113       4.7025838    
         459   7.7839026       5.7394719       6.4967599    
         460   4.9206309       8.3291960       6.4361458    
         461   7.0929446       5.2397690       5.4624376    
         462   3.4160883       2.8183472       3.7275021    
         463   4.3410230       3.1243904       2.8780961    
         464   1.8046963       2.6915510       2.8959553    
         465   4.4208956       2.8719244       2.6230571    
         466   1.6444393       2.3056962       2.5366828    
         467   3.3388741       2.4324276       2.3991132    
         468   1.9227644       2.4592154       2.4670231    
         469   2.1049089       2.5094261       2.7739100    
         470   3.2794032       3.3530889       3.2740924    
         471   2.4228513       3.9597626       3.7128022    
         472   3.8715146       3.8255548       4.7973652    
         473   4.6243949       6.6067781       5.4982266    
         474   4.7339063       6.0623474       5.5612197    
         475   6.7603154       4.0145340       4.4830718    
         476   3.7860048       3.3723342       3.4364495    
         477   2.3818581       2.9224803       2.8184350    
         478   4.0113959       2.1604900       2.3524101    
         479   4.8436899       1.9742601       2.1478639    
         480   2.9008420       2.3088417       2.4119437    
         481   2.9203968       2.9527290       2.5727940    
         482   2.2583659       2.4568110       3.2756822    
         483   2.7967453       4.4175067       3.1768575    
         484   6.3012757       2.6562548       3.7550476    
         485   3.4934535       4.1913815       3.3648746    
         486   2.0474482       3.2469873       3.5518634    
         487   1.8243684       3.2172217       3.3202317    
         488   6.6342111       3.4964862       3.9118288    
         489   3.9540493       5.0217786       4.1317844    
         490   2.5429468       3.8770890       4.3613620    
         491   4.2466221       4.1852179       3.9088304    
         492   2.9697487       3.6641846       4.9418898    
         493   3.1904535       6.9762669       5.7882671    
         494   3.8519776       6.7243500       6.9513679    
         495   5.7830734       7.1534872       7.0974145    
         496   9.4892368       7.4144068       6.7951694    
         497   4.9056520       5.8176136       6.2520976    
         498   7.8340688       5.5242729       5.2349825    
         499   7.5295777       4.3630610       5.4446225    
         500   8.8895197       6.4465332       9.4805145    
         501   5.0039024       17.631948       9.9766769    
         502   4.1146545       5.8515487       9.6331186    
         503   4.5525713       5.4158597       5.0059800    
         504   4.7892170       3.7505312       4.0258017    
         505   3.6316032       2.9110148       3.2060571    
         506   4.3241787       2.9566255       2.8911369    
         507   4.4328594       2.8057706       2.8044524    
         508   3.8846951       2.6509609       2.6350336    
         509   4.3640695       2.4483690       2.5167029    
         510   4.3634415       2.4507790       2.3525922    
         511   6.9505143       2.1586285       2.5800118    
         512   2.3626912       3.1306279       2.5932713    
         513   4.4196882       2.4905577       3.0392718    
         514   2.9820931       3.4966302       2.8045971    
         515   7.4867954       2.4266033       2.9418039    
         516   7.9517169       2.9021783       3.0426550    
         517   6.0199013       3.7991834       3.5800676    
         518   5.2377319       4.0388412       4.0535283    
         519   5.3495717       4.3225603       4.4525557    
         520   11.254197       4.9962649       4.7207284    
         521   5.5661917       4.8433599       6.2529974    
         522   4.5332408       8.9193668       6.9547591    
         523   3.1110694       7.1015501       6.7169838    
         524   3.8463414       4.1300340       5.2834330    
         525   6.0644522       4.6187143       4.9942784    
         526   6.2676411       6.2340865       10.402864    
         527   5.2805901       20.355789       12.414064    
         528   4.6826086       10.652319       12.715331    
         529   6.6957397       7.1378841       7.9623899    
         530   6.3784785       6.0969667       7.1456947    
         531   6.0879536       8.2022333       6.9093642    
         532   5.0303769       6.4288931       8.2641277    
         533   5.5324178       10.161257       8.1508818    
         534   6.2634382       7.8624945       7.5526099    
         535   3.4640751       4.6340790       6.2341413    
         536   4.7942214       6.2058506       6.4809060    
         537   5.0663667       8.6027880       6.6561317    
         538   5.8662663       5.1597567       5.9170771    
         539   7.7919197       3.9886861       6.0827303    
         540   7.1677237       9.0997486       7.8673830    
         541   4.4908414       10.513714       9.4380007    
         542   3.3730392       8.7005405       9.2085428    
         543   4.8620434       8.4113750       7.2470703    
         544   2.7717793       4.6292949       5.8535624    
         545   3.9953482       4.5200167       4.8015628    
         546   4.7459459       5.2553763       4.7864494    
         547   4.0943522       4.5839558       5.6351175    
         548   4.6258583       7.0660200       7.5279722    
         549   3.9060359       10.933941       9.8574362    
         550   3.9246545       11.572348       9.4145851    
         551   3.1086082       5.7374668       7.4881091    
         552   4.9207897       5.1545124       6.9652948    
         553   5.0401516       10.003905       6.9109774    
         554   4.5595732       5.5745144       6.3777361    
         555   4.4604616       3.5547879       4.6573215    
         556   8.9949789       4.8426619       4.8383431    
         557   5.2953038       6.1175795       4.8723698    
         558   4.7228837       3.6568685       4.8922815    
         559   6.6181793       4.9023972       5.2457561    
         560   8.2901192       7.1780033       6.3542075    
         561   4.7767859       6.9822226       6.5918331    
         562   6.1130648       5.6152740       6.5575366    
         563   11.089630       7.0751133       5.9385629    
         564   5.4892154       5.1253014       5.6472149    
         565   8.6193113       4.7412305       4.6101770    
         566   5.0831308       3.9639990       4.6626277    
         567   4.7874932       5.2826533       4.9558878    
         568   5.2102513       5.6210117       4.8944650    
         569   5.6889682       3.7797301       4.3895016    
         570   7.1773758       3.7677631       3.6507742    
         571   9.0251522       3.4048295       3.5119300    
         572   7.0288515       3.3631973       3.2872400    
         573   4.7028141       3.0936933       3.8412027    
         574   4.6081595       5.0667176       4.7761416    
         575   5.1954389       6.1680136       5.0738449    
         576   4.9391389       3.9868042       5.0348945    
         577   4.8564286       4.9498653       5.7202940    
         578   4.7140055       8.2242117       7.4876747    
         579   5.5253224       9.2889471       7.5560875    
         580   10.940932       5.1551037       6.8483796    
         581   6.8615427       6.1010885       8.2817745    
         582   5.8052368       13.589130       9.0772982    
         583   11.228079       7.5416765       9.9848785    
         584   4.2370720       8.8238287       7.2449703    
         585   5.9452510       5.3694053       5.8962440    
         586   4.7437563       3.4954975       4.0626440    
         587   4.7927337       3.3230295       3.6432290    
         588   9.6159124       4.1111603       3.8720567    
         589   6.4037600       4.1819801       4.1290932    
         590   7.4964185       4.0941396       4.3009644    
         591   4.5703464       4.6267738       3.9903550    
         592   4.0890465       3.2501519       3.7865722    
         593   4.0923839       3.4827909       3.2662363    
         594   3.7753887       3.0657661       3.1629574    
         595   3.5687962       2.9403155       2.8880246    
         596   2.8550599       2.6579924       2.7914014    
         597   4.4182205       2.7758963       2.7623248    
         598   4.5734615       2.8530860       3.2309408    
         599   3.4136271       4.0638404       3.2497249    
         600   4.1830082       2.8322482       3.1630294    
         601   5.1153927       2.5929997       3.0468736    
         602   5.4623108       3.7153730       3.2318115    
         603   3.6886649       3.3870616       3.3257833    
         604   4.3534775       2.8749151       3.4210634    
         605   9.0715618       4.0012136       3.8668771    
         606   8.2401724       4.7245026       4.0135493    
         607   11.840700       3.3149314       3.8566456    
         608   6.9332595       3.5305030       3.5825925    
         609   7.2869573       3.9023430       3.6937177    
         610   4.4043965       3.6483068       4.3404274    
         611   1.0040239       5.4706316       4.5594692    
