 Coordinates with respect to mass center
     1   SER    -3.128   5.307 -15.815  82.000
     2   GLY    -1.293   5.764 -12.840  54.000
     3   PHE     2.514   6.536  -9.773 138.000
     4   ARG    -1.590   4.640  -5.877 144.000
     5   LYS     2.704   4.339  -2.475 116.000
     6   MET     2.310  -0.437  -6.083 122.000
     7   ALA     3.080  -3.161  -2.805  66.000
     8   PHE     6.516  -5.713  -3.738 138.000
     9   PRO     3.181  -9.249  -3.653  90.000
    10   SER     2.171 -10.541   0.756  82.000
    11   GLY     2.474 -14.184   0.470  54.000
    12   LYS     5.994 -15.438  -1.408 116.000
    13   VAL     6.299 -13.064   3.602  90.000
    14   GLU     1.448 -13.871   4.336 122.000
    15   GLY     4.196 -17.999   5.816  54.000
    16   CYS     7.351 -16.920   6.597  98.000
    17   MET     5.315 -14.042   9.429 122.000
    18   VAL     5.857 -16.710  13.217  90.000
    19   GLN     3.780 -16.128  18.109 120.000
    20   VAL     8.141 -15.548  19.290  90.000
    21   THR     6.601 -16.007  23.303  94.000
    22   CYS    10.382 -15.138  26.082  98.000
    23   GLY     7.268 -14.618  28.479  54.000
    24   THR     5.027 -11.272  28.838  94.000
    25   THR     7.308 -10.249  25.640  94.000
    26   THR     4.483 -11.568  22.371  94.000
    27   LEU     7.648 -10.992  19.306 102.000
    28   ASN     6.234 -10.859  15.311 108.000
    29   GLY     8.369 -13.942  13.042  54.000
    30   LEU    11.054 -14.908   9.572 102.000
    31   TRP     9.253 -21.418   9.780 176.000
    32   LEU    13.316 -18.731   6.702 102.000
    33   ASP    14.376 -22.924   6.007 110.000
    34   ASP    16.192 -24.878  10.071 110.000
    35   VAL    15.690 -20.531  11.357  90.000
    36   VAL    12.880 -18.498  13.956  90.000
    37   TYR    15.520 -15.750  11.323 154.000
    38   CYS    13.444 -13.023  16.871  98.000
    39   PRO    13.234  -9.619  17.687  90.000
    40   ARG    18.702  -8.631  21.231 144.000
    41   HIS    12.917  -6.794  22.115 130.000
    42   VAL    11.810 -11.445  23.474  90.000
    43   ILE    14.974 -11.706  26.419 102.000
    44   CYS    13.826  -7.992  27.704  98.000
    45   THR    11.877  -7.494  31.519  94.000
    46   SER     9.578  -4.436  32.650  82.000
    47   GLU    12.083  -4.037  35.452 122.000
    48   ASP    15.586  -5.499  31.675 110.000
    49   MET    13.217  -2.468  28.145 122.000
    50   LEU    17.023   1.887  30.051 102.000
    51   ASN    21.040  -0.708  29.768 108.000
    52   PRO    19.780  -4.284  28.189  90.000
    53   ASN    23.412  -7.705  29.824 108.000
    54   TYR    20.016  -7.888  25.324 154.000
    55   GLU    24.879 -10.860  26.595 122.000
    56   ASP    23.802 -11.856  31.246 110.000
    57   LEU    19.032 -11.735  30.034 102.000
    58   LEU    20.338 -15.562  26.432 102.000
    59   ILE    23.068 -17.066  29.913 102.000
    60   ARG    19.492 -15.620  33.102 144.000
    61   LYS    16.424 -17.408  28.742 116.000
    62   SER    16.561 -22.051  27.610  82.000
    63   ASN    15.968 -24.006  23.816 108.000
    64   HIS    12.437 -24.481  28.048 130.000
    65   ASN    12.386 -20.647  28.040 108.000
    66   PHE    12.756 -19.224  23.512 138.000
    67   LEU     6.963 -20.342  23.345 102.000
    68   VAL     7.591 -20.970  18.380  90.000
    69   GLN     2.733 -19.909  17.840 120.000
    70   ALA     2.882 -21.499  13.141  66.000
    71   GLY    -0.101 -20.487  14.636  54.000
    72   ASN    -2.622 -23.178  15.519 108.000
    73   VAL     1.841 -25.187  14.788  90.000
    74   GLN     3.568 -24.816  18.968 120.000
    75   LEU     7.740 -24.848  16.376 102.000
    76   ARG     9.570 -29.841  19.532 144.000
    77   VAL    12.971 -24.706  20.146  90.000
    78   ILE    16.490 -27.538  18.577 102.000
    79   GLY    17.946 -23.631  19.237  54.000
    80   HIS    19.753 -20.689  22.285 130.000
    81   SER    21.293 -18.029  18.702  82.000
    82   MET    22.839 -13.079  20.376 122.000
    83   GLN    23.455 -12.621  14.369 120.000
    84   ASN    24.338  -8.835  16.157 108.000
    85   CYS    20.447  -6.846  17.726  98.000
    86   VAL    18.901 -10.931  16.350  90.000
    87   LEU    17.310 -14.323  18.754 102.000
    88   LYS    19.689 -17.246  14.785 116.000
    89   LEU    15.342 -19.666  17.304 102.000
    90   LYS    17.467 -24.974  15.009 116.000
    91   VAL    13.437 -25.423  14.406  90.000
    92   ASP    12.617 -30.242  14.766 110.000
    93   THR    10.533 -27.883  11.370  94.000
    94   ALA    10.808 -26.711   7.565  66.000
    95   ASN     8.266 -23.180   6.115 108.000
    96   PRO     6.478 -25.611   4.082  90.000
    97   LYS     4.774 -21.936   3.254 116.000
    98   THR    10.451 -21.569   2.468  94.000
    99   PRO    10.645 -18.420   0.386  90.000
   100   LYS    12.867 -19.000  -3.608 116.000
   101   TYR    16.071 -17.028   1.729 154.000
   102   LYS    18.863 -12.803  -1.131 116.000
   103   PHE    18.907 -12.501   4.450 138.000
   104   VAL    19.654  -7.556   1.749  90.000
   105   ARG    22.549  -3.219   5.370 144.000
   106   ILE    18.872  -1.657   2.030 102.000
   107   GLN    22.321   1.261   0.543 120.000
   108   PRO    20.671   4.726   1.819  90.000
   109   GLY    16.759   5.159  -0.570  54.000
   110   GLN    16.553   2.076  -2.305 120.000
   111   THR    12.234   1.061  -1.761  94.000
   112   PHE    11.230  -1.336   2.387 138.000
   113   SER     7.516  -3.738   1.365  82.000
   114   VAL     6.067  -3.373   5.394  90.000
   115   LEU     3.855  -7.726   6.367 102.000
   116   ALA     2.361  -5.492   9.369  66.000
   117   CYS     2.755  -8.552  11.502  98.000
   118   TYR     0.411  -6.451  14.747 154.000
   119   ASN     0.389 -11.928  17.765 108.000
   120   GLY     1.855 -13.634  13.383  54.000
   121   SER    -1.182 -12.205  12.064  82.000
   122   PRO    -0.743 -11.175   8.771  90.000
   123   SER    -2.525  -6.605   8.960  82.000
   124   GLY    -0.559  -5.422   6.280  54.000
   125   VAL     0.838  -4.092   2.805  90.000
   126   TYR     3.321  -0.526   5.005 154.000
   127   GLN     6.311   0.608  -0.419 120.000
   128   CYS     8.246   2.164   3.663  98.000
   129   ALA    11.650   4.198   2.908  66.000
   130   MET    15.791   3.291   4.798 122.000
   131   ARG    14.358   8.674   4.523 144.000
   132   PRO    18.647   9.468   4.413  90.000
   133   ASN    17.855   9.258   8.818 108.000
   134   PHE    19.927   4.744   7.885 138.000
   135   THR    14.602   6.549   9.273  94.000
   136   ILE    10.982   3.741   8.698 102.000
   137   LYS     8.286   8.142   7.961 116.000
   138   GLY     5.167   4.309   9.476  54.000
   139   SER     2.241   1.791  10.768  82.000
   140   PHE     5.066   0.274  12.866 138.000
   141   LEU     1.191  -0.379  17.085 102.000
   142   ASN     3.329  -2.672  21.197 108.000
   143   GLY     3.755  -5.881  18.218  54.000
   144   SER     5.328  -4.452  15.372  82.000
   145   CYS     8.436  -5.892  16.921  98.000
   146   GLY     9.270  -8.565  13.031  54.000
   147   SER     7.596  -6.649  11.113  82.000
   148   VAL     9.622  -8.253   7.708  90.000
   149   GLY    11.112  -6.310   5.021  54.000
   150   PHE     9.201  -7.556   1.560 138.000
   151   ASN    12.165  -6.140  -1.943 108.000
   152   ILE     9.601  -9.333  -4.667 102.000
   153   ASP    13.706 -10.531  -7.547 110.000
   154   TYR    10.688 -12.458  -9.823  66.000
   155   ASP    11.826 -15.865  -7.825 110.000
   156   CYS    13.977 -13.547  -4.648  98.000
   157   VAL    12.080 -12.835  -1.142  90.000
   158   SER    15.012  -9.771  -0.940  82.000
   159   PHE    13.493 -11.096   3.358 138.000
   160   CYS    15.425  -5.314   3.953  98.000
   161   TYR    13.063  -3.364   8.532 154.000
   162   MET    13.351  -7.180  11.880 122.000
   163   HIS     9.929  -2.566  13.903 130.000
   164   HIS    13.881  -4.020  16.529 130.000
   165   MET    13.194   1.097  18.036 122.000
   166   GLU     8.331   4.429  17.991 122.000
   167   LEU    12.468   6.768  17.306 102.000
   168   PRO    11.507   9.871  19.843  90.000
   169   THR    10.716  11.635  15.959  94.000
   170   GLY     7.904   8.680  15.203  54.000
   171   VAL    10.204   7.693  13.203  90.000
   172   HIS     9.357   3.939  12.924 130.000
   173   ALA    13.822   1.407  13.716  66.000
   174   GLY    15.969  -1.277  12.358  54.000
   175   THR    17.351  -4.709  11.703  94.000
   176   ASP    19.886  -6.448   9.043 110.000
   177   LEU    17.477 -10.392   8.687 102.000
   178   GLU    22.973 -10.258   9.383 122.000
   179   GLY    21.039  -7.268  13.329  54.000
   180   ASN    23.487  -5.322  11.829 108.000
   181   PHE    19.917  -1.457  14.541 138.000
   182   TYR    19.304  -0.622   8.560 154.000
   183   GLY    22.209   3.163  12.157  54.000
   184   PRO    22.456   5.229  15.215  90.000
   185   PHE    19.365   3.880  15.740 138.000
   186   VAL    20.557   0.857  20.326  90.000
   187   ASP    18.400  -3.013  21.434 110.000
   188   ARG    19.677   1.433  24.983 144.000
   189   GLN    12.793   1.702  25.868 120.000
   190   THR    16.957   5.479  24.979  94.000
   191   ALA    16.824   8.892  23.914  66.000
   192   GLN    17.972   6.789  20.398 120.000
   193   ALA    19.082  10.537  17.516  66.000
   194   ALA    17.368  11.355  14.410  66.000
   195   GLY    18.857  12.854  11.996  54.000
   196   THR    19.304  16.071   9.584  94.000
   197   ASP    16.201  13.470   7.009 110.000
   198   THR    17.757  14.247   3.684  94.000
   199   THR    15.182  15.139   0.431  94.000
   200   ILE    15.504  11.096  -1.791 102.000
   201   THR    17.010  14.244  -5.170  94.000
   202   VAL    16.778  10.293  -7.327  90.000
   203   ASN    13.494   9.340  -5.452 108.000
   204   VAL    11.656  13.959  -6.434  90.000
   205   LEU    13.867  13.957 -10.093 102.000
   206   ALA    11.111  10.138 -10.610  66.000
   207   TRP     6.583  12.825  -7.997 176.000
   208   LEU     8.402  15.024 -11.263 102.000
   209   TYR    11.269  12.283 -15.392 154.000
   210   ALA     5.718  10.288 -13.658  66.000
   211   ALA     3.760  13.093 -14.098  66.000
   212   VAL     5.160  13.762 -17.581  90.000
   213   ILE     4.373   9.464 -17.983 102.000
   214   ASN     0.831   9.897 -15.627 108.000
   215   GLY    -0.116  14.589 -17.350  54.000
   216   ASP     0.590  16.229 -14.007 110.000
   217   ARG     1.692  18.648 -19.088 144.000
   218   TRP     2.560  22.434 -12.766 176.000
   219   PHE     6.301  20.045 -13.696 138.000
   220   LEU     7.553  20.955 -17.440 102.000
   221   ASN    10.884  24.620 -17.335 108.000
   222   ARG     9.808  27.573 -20.608 144.000
   223   PHE    13.913  28.430 -17.045 138.000
   224   THR    18.350  25.163 -17.623  94.000
   225   THR    20.594  23.948 -14.650  94.000
   226   THR    24.035  23.704 -13.441  94.000
   227   LEU    24.747  19.230 -11.263 102.000
   228   ASN    27.025  22.364  -9.620 108.000
   229   ASP    22.554  25.978  -9.587 110.000
   230   PHE    19.602  21.051  -8.175 138.000
   231   ASN    23.596  20.571  -5.737 108.000
   232   LEU    23.643  25.728  -4.075 102.000
   233   VAL    18.978  25.025  -4.546  90.000
   234   ALA    19.737  21.718  -2.478  66.000
   235   MET    22.775  21.700   0.492 122.000
   236   LYS    18.320  26.654   0.703 116.000
   237   TYR    15.303  24.540  -0.225 154.000
   238   ASN    18.331  20.212   3.691 108.000
   239   TYR    16.197  18.139  -1.551 154.000
   240   GLU    20.481  13.490  -1.456 122.000
   241   PRO    23.558  15.694  -2.866  90.000
   242   LEU    22.696  15.161  -7.991 102.000
   243   THR    25.413  12.273  -8.528  94.000
   244   GLN    26.558  11.836 -13.594 120.000
   245   ASP    25.953   7.842 -10.674 110.000
   246   HIS    21.868  10.187  -8.883 130.000
   247   VAL    21.978  11.383 -14.291  90.000
   248   ASP    23.594   7.774 -15.539 110.000
   249   ILE    19.962   5.833 -12.473 102.000
   250   LEU    16.821   9.243 -14.080 102.000
   251   GLY    17.665   7.730 -18.296  54.000
   252   PRO    16.087   5.198 -18.687  90.000
   253   LEU    12.600   7.575 -17.131 102.000
   254   SER    15.020  10.860 -20.012  82.000
   255   ALA    14.048   8.575 -22.981  66.000
   256   GLN     9.578   6.850 -21.597 120.000
   257   THR    10.070  11.758 -21.564  94.000
   258   GLY    12.534  13.623 -23.721  54.000
   259   ILE    12.575  15.341 -20.616 102.000
   260   ALA    16.436  16.331 -19.602  66.000
   261   VAL    17.959  15.243 -16.036  90.000
   262   LEU    19.973  18.979 -16.128 102.000
   263   ASP    15.972  20.234 -18.424 110.000
   264   MET    12.687  17.534 -14.613 122.000
   265   CYS    16.847  19.432 -12.298  98.000
   266   ALA    14.751  23.289 -13.330  66.000
   267   SER    11.482  22.078 -13.055  82.000
   268   LEU    12.998  20.628  -8.708 102.000
   269   LYS    15.588  25.499  -9.447 116.000
   270   GLU    11.145  27.233 -10.812 122.000
   271   LEU     8.799  23.383  -7.660 102.000
   272   LEU    12.261  24.080  -4.119 102.000
   273   GLN    13.330  28.758  -5.426 120.000
   274   ASN     8.561  29.582  -6.692 108.000
   275   GLY     6.563  26.184  -5.066  54.000
   276   MET     3.288  23.031  -5.545 122.000
   277   ASN     0.774  28.279  -6.555 108.000
   278   GLY    -1.854  24.816  -5.017  54.000
   279   ARG     0.175  24.610  -8.644 144.000
   280   THR    -1.720  18.991  -7.665  94.000
   281   ILE     2.265  16.983  -8.793 102.000
   282   LEU     0.652  12.391  -9.372 102.000
   283   GLY    -2.081  14.237  -5.799  54.000
   284   SER     0.457  15.412  -4.221  82.000
   285   ALA     0.860  19.258  -2.371  66.000
   286   LEU     3.759  17.872  -0.981 102.000
   287   LEU     7.703  17.276  -3.417 102.000
   288   GLU     6.543  12.420  -2.625 122.000
   289   ASP    11.314  11.029  -1.319 110.000
   290   GLU     9.366   7.460  -0.400 122.000
   291   PHE     7.940   6.748  -5.538 138.000
   292   THR    12.856   4.369  -6.647  94.000
   293   PRO    13.993   5.249 -10.285  90.000
   294   PHE    12.709  -0.470 -10.361 138.000
   295   ASP     9.528   2.138  -7.881 110.000
   296   VAL     8.779   4.820 -11.989  90.000
   297   VAL    10.227   1.723 -14.721  90.000
   298   ARG     8.149  -1.397 -10.385 144.000
   299   GLN     3.603   1.735 -11.497 120.000
   300   CYS     5.178   3.001 -15.998  98.000
   301   SER     6.285  -1.876 -17.379  82.000
   302   GLY     4.062  -4.183 -15.859  54.000
   303   VAL     6.275  -5.640 -13.570  90.000
   304   THR     5.163  -9.551 -13.211  94.000
   305   PHE     7.133  -9.261  -9.386 138.000
   306   SER     3.036   5.307  15.593  82.000
   307   GLY     1.202   5.764  12.618  54.000
   308   PHE    -2.605   6.536   9.551 138.000
   309   ARG     1.499   4.640   5.656 144.000
   310   LYS    -2.796   4.339   2.254 116.000
   311   MET    -2.402  -0.437   5.862 122.000
   312   ALA    -3.171  -3.161   2.584  66.000
   313   PHE    -6.607  -5.713   3.517 138.000
   314   PRO    -3.272  -9.249   3.432  90.000
   315   SER    -2.263 -10.541  -0.978  82.000
   316   GLY    -2.565 -14.184  -0.691  54.000
   317   LYS    -6.086 -15.438   1.186 116.000
   318   VAL    -6.390 -13.064  -3.823  90.000
   319   GLU    -1.539 -13.871  -4.557 122.000
   320   GLY    -4.287 -17.999  -6.037  54.000
   321   CYS    -7.442 -16.920  -6.819  98.000
   322   MET    -5.406 -14.042  -9.650 122.000
   323   VAL    -5.948 -16.710 -13.439  90.000
   324   GLN    -3.871 -16.128 -18.330 120.000
   325   VAL    -8.232 -15.548 -19.511  90.000
   326   THR    -6.693 -16.007 -23.525  94.000
   327   CYS   -10.473 -15.138 -26.303  98.000
   328   GLY    -7.360 -14.618 -28.700  54.000
   329   THR    -5.118 -11.272 -29.059  94.000
   330   THR    -7.399 -10.249 -25.861  94.000
   331   THR    -4.575 -11.568 -22.592  94.000
   332   LEU    -7.739 -10.992 -19.527 102.000
   333   ASN    -6.325 -10.859 -15.532 108.000
   334   GLY    -8.460 -13.942 -13.263  54.000
   335   LEU   -11.146 -14.908  -9.793 102.000
   336   TRP    -9.344 -21.418 -10.002 176.000
   337   LEU   -13.407 -18.731  -6.923 102.000
   338   ASP   -14.467 -22.924  -6.228 110.000
   339   ASP   -16.283 -24.878 -10.292 110.000
   340   VAL   -15.781 -20.531 -11.578  90.000
   341   VAL   -12.972 -18.498 -14.178  90.000
   342   TYR   -15.611 -15.750 -11.544 154.000
   343   CYS   -13.535 -13.023 -17.092  98.000
   344   PRO   -13.325  -9.619 -17.908  90.000
   345   ARG   -18.794  -8.631 -21.452 144.000
   346   HIS   -13.008  -6.794 -22.337 130.000
   347   VAL   -11.901 -11.445 -23.695  90.000
   348   ILE   -15.066 -11.706 -26.640 102.000
   349   CYS   -13.918  -7.992 -27.925  98.000
   350   THR   -11.968  -7.494 -31.740  94.000
   351   SER    -9.669  -4.436 -32.871  82.000
   352   GLU   -12.174  -4.037 -35.673 122.000
   353   ASP   -15.678  -5.499 -31.896 110.000
   354   MET   -13.308  -2.468 -28.366 122.000
   355   LEU   -17.114   1.887 -30.272 102.000
   356   ASN   -21.131  -0.708 -29.990 108.000
   357   PRO   -19.871  -4.284 -28.410  90.000
   358   ASN   -23.504  -7.705 -30.046 108.000
   359   TYR   -20.107  -7.888 -25.545 154.000
   360   GLU   -24.970 -10.860 -26.817 122.000
   361   ASP   -23.893 -11.856 -31.467 110.000
   362   LEU   -19.123 -11.735 -30.255 102.000
   363   LEU   -20.429 -15.562 -26.653 102.000
   364   ILE   -23.159 -17.066 -30.134 102.000
   365   ARG   -19.584 -15.620 -33.323 144.000
   366   LYS   -16.515 -17.408 -28.963 116.000
   367   SER   -16.652 -22.051 -27.831  82.000
   368   ASN   -16.060 -24.006 -24.037 108.000
   369   HIS   -12.528 -24.481 -28.270 130.000
   370   ASN   -12.477 -20.647 -28.261 108.000
   371   PHE   -12.847 -19.224 -23.733 138.000
   372   LEU    -7.054 -20.342 -23.567 102.000
   373   VAL    -7.683 -20.970 -18.601  90.000
   374   GLN    -2.824 -19.909 -18.062 120.000
   375   ALA    -2.974 -21.499 -13.362  66.000
   376   GLY     0.009 -20.487 -14.858  54.000
   377   ASN     2.531 -23.178 -15.740 108.000
   378   VAL    -1.932 -25.187 -15.009  90.000
   379   GLN    -3.659 -24.816 -19.189 120.000
   380   LEU    -7.832 -24.848 -16.597 102.000
   381   ARG    -9.662 -29.841 -19.753 144.000
   382   VAL   -13.063 -24.706 -20.367  90.000
   383   ILE   -16.581 -27.538 -18.798 102.000
   384   GLY   -18.037 -23.631 -19.458  54.000
   385   HIS   -19.845 -20.689 -22.507 130.000
   386   SER   -21.384 -18.029 -18.923  82.000
   387   MET   -22.930 -13.079 -20.597 122.000
   388   GLN   -23.547 -12.621 -14.590 120.000
   389   ASN   -24.429  -8.835 -16.379 108.000
   390   CYS   -20.538  -6.846 -17.947  98.000
   391   VAL   -18.992 -10.931 -16.571  90.000
   392   LEU   -17.401 -14.323 -18.976 102.000
   393   LYS   -19.780 -17.246 -15.006 116.000
   394   LEU   -15.433 -19.666 -17.525 102.000
   395   LYS   -17.558 -24.974 -15.230 116.000
   396   VAL   -13.528 -25.423 -14.628  90.000
   397   ASP   -12.708 -30.242 -14.987 110.000
   398   THR   -10.624 -27.883 -11.591  94.000
   399   ALA   -10.899 -26.711  -7.786  66.000
   400   ASN    -8.358 -23.180  -6.336 108.000
   401   PRO    -6.570 -25.611  -4.303  90.000
   402   LYS    -4.865 -21.936  -3.475 116.000
   403   THR   -10.543 -21.569  -2.690  94.000
   404   PRO   -10.736 -18.420  -0.607  90.000
   405   LYS   -12.958 -19.000   3.387 116.000
   406   TYR   -16.163 -17.028  -1.950 154.000
   407   LYS   -18.955 -12.803   0.910 116.000
   408   PHE   -18.999 -12.501  -4.672 138.000
   409   VAL   -19.745  -7.556  -1.970  90.000
   410   ARG   -22.640  -3.219  -5.591 144.000
   411   ILE   -18.964  -1.657  -2.251 102.000
   412   GLN   -22.412   1.261  -0.764 120.000
   413   PRO   -20.762   4.726  -2.040  90.000
   414   GLY   -16.851   5.159   0.349  54.000
   415   GLN   -16.644   2.076   2.084 120.000
   416   THR   -12.325   1.061   1.540  94.000
   417   PHE   -11.321  -1.336  -2.608 138.000
   418   SER    -7.608  -3.738  -1.586  82.000
   419   VAL    -6.158  -3.373  -5.615  90.000
   420   LEU    -3.946  -7.726  -6.588 102.000
   421   ALA    -2.452  -5.492  -9.590  66.000
   422   CYS    -2.846  -8.552 -11.723  98.000
   423   TYR    -0.502  -6.451 -14.968 154.000
   424   ASN    -0.481 -11.928 -17.986 108.000
   425   GLY    -1.946 -13.634 -13.604  54.000
   426   SER     1.090 -12.205 -12.285  82.000
   427   PRO     0.652 -11.175  -8.993  90.000
   428   SER     2.434  -6.605  -9.181  82.000
   429   GLY     0.467  -5.422  -6.501  54.000
   430   VAL    -0.929  -4.092  -3.027  90.000
   431   TYR    -3.413  -0.526  -5.227 154.000
   432   GLN    -6.402   0.608   0.198 120.000
   433   CYS    -8.337   2.164  -3.884  98.000
   434   ALA   -11.741   4.198  -3.129  66.000
   435   MET   -15.882   3.291  -5.019 122.000
   436   ARG   -14.449   8.674  -4.744 144.000
   437   PRO   -18.738   9.468  -4.634  90.000
   438   ASN   -17.947   9.258  -9.039 108.000
   439   PHE   -20.018   4.744  -8.106 138.000
   440   THR   -14.693   6.549  -9.494  94.000
   441   ILE   -11.073   3.741  -8.919 102.000
   442   LYS    -8.377   8.142  -8.183 116.000
   443   GLY    -5.258   4.309  -9.697  54.000
   444   SER    -2.332   1.791 -10.989  82.000
   445   PHE    -5.158   0.274 -13.087 138.000
   446   LEU    -1.282  -0.379 -17.306 102.000
   447   ASN    -3.420  -2.672 -21.418 108.000
   448   GLY    -3.846  -5.881 -18.439  54.000
   449   SER    -5.419  -4.452 -15.593  82.000
   450   CYS    -8.527  -5.892 -17.143  98.000
   451   GLY    -9.361  -8.565 -13.252  54.000
   452   SER    -7.687  -6.649 -11.334  82.000
   453   VAL    -9.713  -8.253  -7.929  90.000
   454   GLY   -11.204  -6.310  -5.242  54.000
   455   PHE    -9.292  -7.556  -1.782 138.000
   456   ASN   -12.257  -6.140   1.722 108.000
   457   ILE    -9.693  -9.333   4.446 102.000
   458   ASP   -13.797 -10.531   7.326 110.000
   459   TYR   -10.779 -12.458   9.602  66.000
   460   ASP   -11.917 -15.865   7.604 110.000
   461   CYS   -14.068 -13.547   4.427  98.000
   462   VAL   -12.171 -12.835   0.921  90.000
   463   SER   -15.104  -9.771   0.719  82.000
   464   PHE   -13.585 -11.096  -3.579 138.000
   465   CYS   -15.516  -5.314  -4.174  98.000
   466   TYR   -13.154  -3.364  -8.753 154.000
   467   MET   -13.442  -7.180 -12.101 122.000
   468   HIS   -10.020  -2.566 -14.124 130.000
   469   HIS   -13.973  -4.020 -16.750 130.000
   470   MET   -13.285   1.097 -18.258 122.000
   471   GLU    -8.423   4.429 -18.212 122.000
   472   LEU   -12.559   6.768 -17.527 102.000
   473   PRO   -11.598   9.871 -20.064  90.000
   474   THR   -10.807  11.635 -16.180  94.000
   475   GLY    -7.995   8.680 -15.424  54.000
   476   VAL   -10.295   7.693 -13.424  90.000
   477   HIS    -9.448   3.939 -13.146 130.000
   478   ALA   -13.914   1.407 -13.937  66.000
   479   GLY   -16.061  -1.277 -12.579  54.000
   480   THR   -17.443  -4.709 -11.925  94.000
   481   ASP   -19.977  -6.448  -9.265 110.000
   482   LEU   -17.569 -10.392  -8.909 102.000
   483   GLU   -23.064 -10.258  -9.604 122.000
   484   GLY   -21.131  -7.268 -13.551  54.000
   485   ASN   -23.578  -5.322 -12.050 108.000
   486   PHE   -20.009  -1.457 -14.762 138.000
   487   TYR   -19.395  -0.622  -8.781 154.000
   488   GLY   -22.301   3.163 -12.378  54.000
   489   PRO   -22.548   5.229 -15.437  90.000
   490   PHE   -19.456   3.880 -15.962 138.000
   491   VAL   -20.648   0.857 -20.548  90.000
   492   ASP   -18.491  -3.013 -21.655 110.000
   493   ARG   -19.768   1.433 -25.204 144.000
   494   GLN   -12.885   1.702 -26.089 120.000
   495   THR   -17.048   5.479 -25.200  94.000
   496   ALA   -16.915   8.892 -24.136  66.000
   497   GLN   -18.063   6.789 -20.619 120.000
   498   ALA   -19.173  10.537 -17.737  66.000
   499   ALA   -17.459  11.355 -14.631  66.000
   500   GLY   -18.948  12.854 -12.217  54.000
   501   THR   -19.396  16.071  -9.805  94.000
   502   ASP   -16.292  13.470  -7.230 110.000
   503   THR   -17.848  14.247  -3.905  94.000
   504   THR   -15.274  15.139  -0.653  94.000
   505   ILE   -15.596  11.096   1.570 102.000
   506   THR   -17.101  14.244   4.948  94.000
   507   VAL   -16.869  10.293   7.106  90.000
   508   ASN   -13.585   9.340   5.231 108.000
   509   VAL   -11.747  13.959   6.213  90.000
   510   LEU   -13.959  13.957   9.872 102.000
   511   ALA   -11.202  10.138  10.389  66.000
   512   TRP    -6.675  12.825   7.775 176.000
   513   LEU    -8.494  15.024  11.042 102.000
   514   TYR   -11.360  12.283  15.171 154.000
   515   ALA    -5.809  10.288  13.437  66.000
   516   ALA    -3.852  13.093  13.877  66.000
   517   VAL    -5.252  13.762  17.359  90.000
   518   ILE    -4.464   9.464  17.762 102.000
   519   ASN    -0.922   9.897  15.405 108.000
   520   GLY     0.025  14.589  17.129  54.000
   521   ASP    -0.682  16.229  13.786 110.000
   522   ARG    -1.783  18.648  18.867 144.000
   523   TRP    -2.651  22.434  12.545 176.000
   524   PHE    -6.392  20.045  13.475 138.000
   525   LEU    -7.644  20.955  17.219 102.000
   526   ASN   -10.976  24.620  17.114 108.000
   527   ARG    -9.899  27.573  20.387 144.000
   528   PHE   -14.004  28.430  16.824 138.000
   529   THR   -18.441  25.163  17.402  94.000
   530   THR   -20.685  23.948  14.429  94.000
   531   THR   -24.126  23.704  13.220  94.000
   532   LEU   -24.838  19.230  11.041 102.000
   533   ASN   -27.116  22.364   9.399 108.000
   534   ASP   -22.646  25.978   9.365 110.000
   535   PHE   -19.693  21.051   7.953 138.000
   536   ASN   -23.688  20.571   5.515 108.000
   537   LEU   -23.734  25.728   3.853 102.000
   538   VAL   -19.069  25.025   4.325  90.000
   539   ALA   -19.828  21.718   2.256  66.000
   540   MET   -22.866  21.700  -0.713 122.000
   541   LYS   -18.411  26.654  -0.924 116.000
   542   TYR   -15.394  24.540   0.004 154.000
   543   ASN   -18.422  20.212  -3.912 108.000
   544   TYR   -16.288  18.139   1.330 154.000
   545   GLU   -20.572  13.490   1.234 122.000
   546   PRO   -23.650  15.694   2.645  90.000
   547   LEU   -22.787  15.161   7.770 102.000
   548   THR   -25.504  12.273   8.307  94.000
   549   GLN   -26.649  11.836  13.373 120.000
   550   ASP   -26.044   7.842  10.453 110.000
   551   HIS   -21.959  10.187   8.662 130.000
   552   VAL   -22.069  11.383  14.070  90.000
   553   ASP   -23.685   7.774  15.317 110.000
   554   ILE   -20.053   5.833  12.252 102.000
   555   LEU   -16.913   9.243  13.858 102.000
   556   GLY   -17.756   7.730  18.075  54.000
   557   PRO   -16.178   5.198  18.465  90.000
   558   LEU   -12.691   7.575  16.910 102.000
   559   SER   -15.111  10.860  19.791  82.000
   560   ALA   -14.140   8.575  22.760  66.000
   561   GLN    -9.669   6.850  21.376 120.000
   562   THR   -10.161  11.758  21.343  94.000
   563   GLY   -12.625  13.623  23.500  54.000
   564   ILE   -12.666  15.341  20.395 102.000
   565   ALA   -16.528  16.331  19.381  66.000
   566   VAL   -18.050  15.243  15.814  90.000
   567   LEU   -20.064  18.979  15.907 102.000
   568   ASP   -16.063  20.234  18.203 110.000
   569   MET   -12.778  17.534  14.392 122.000
   570   CYS   -16.938  19.432  12.077  98.000
   571   ALA   -14.842  23.289  13.109  66.000
   572   SER   -11.573  22.078  12.834  82.000
   573   LEU   -13.089  20.628   8.487 102.000
   574   LYS   -15.679  25.499   9.226 116.000
   575   GLU   -11.237  27.233  10.591 122.000
   576   LEU    -8.890  23.383   7.439 102.000
   577   LEU   -12.352  24.080   3.898 102.000
   578   GLN   -13.421  28.758   5.205 120.000
   579   ASN    -8.652  29.582   6.471 108.000
   580   GLY    -6.654  26.184   4.844  54.000
   581   MET    -3.380  23.031   5.324 122.000
   582   ASN    -0.866  28.279   6.334 108.000
   583   GLY     1.762  24.816   4.795  54.000
   584   ARG    -0.266  24.610   8.423 144.000
   585   THR     1.629  18.991   7.444  94.000
   586   ILE    -2.357  16.983   8.571 102.000
   587   LEU    -0.743  12.391   9.151 102.000
   588   GLY     1.989  14.237   5.578  54.000
   589   SER    -0.548  15.412   4.000  82.000
   590   ALA    -0.951  19.258   2.150  66.000
   591   LEU    -3.850  17.872   0.759 102.000
   592   LEU    -7.795  17.276   3.196 102.000
   593   GLU    -6.634  12.420   2.404 122.000
   594   ASP   -11.405  11.029   1.097 110.000
   595   GLU    -9.457   7.460   0.178 122.000
   596   PHE    -8.031   6.748   5.317 138.000
   597   THR   -12.947   4.369   6.426  94.000
   598   PRO   -14.084   5.249  10.063  90.000
   599   PHE   -12.801  -0.470  10.140 138.000
   600   ASP    -9.619   2.138   7.660 110.000
   601   VAL    -8.870   4.820  11.767  90.000
   602   VAL   -10.318   1.723  14.500  90.000
   603   ARG    -8.240  -1.397  10.164 144.000
   604   GLN    -3.694   1.735  11.276 120.000
   605   CYS    -5.269   3.001  15.776  98.000
   606   SER    -6.377  -1.876  17.158  82.000
   607   GLY    -4.154  -4.183  15.637  54.000
   608   VAL    -6.366  -5.640  13.349  90.000
   609   THR    -5.254  -9.551  12.990  94.000
   610   PHE    -7.224  -9.261   9.165 138.000
   611   RN2     8.736   0.039  21.186 326.000
 TOTAL NUMBER OF MODES=         1833
 Number of zero eigenvalues=            6

 slowest_mode no:           20
 ka1         1827
 ka1         1826
 ka1         1825
 ka1         1824
 ka1         1823
 ka1         1822
 ka1         1821
 ka1         1820
 ka1         1819
 ka1         1818
 ka1         1817
 ka1         1816
 ka1         1815
 ka1         1814
 ka1         1813
 ka1         1812
 ka1         1811
 ka1         1810
 ka1         1809
 ka1         1808

 fastest_mode no:           20
 ka1            1
 ka1            2
 ka1            3
 ka1            4
 ka1            5
 ka1            6
 ka1            7
 ka1            8
 ka1            9
 ka1           10
 ka1           11
 ka1           12
 ka1           13
 ka1           14
 ka1           15
 ka1           16
 ka1           17
 ka1           18
 ka1           19
 ka1           20

 dist_coord: ka1,i        1827           1
 file          61           0
 rescale   2.1594436    

 dist_coord: ka1,i        1826           2
 file          63           0
 rescale   1.8035630    

 dist_coord: ka1,i        1825           3
 file          65           0
 rescale   1.7104809    

 dist_coord: ka1,i        1824           4
 file          67           0
 rescale   1.6883252    
