 CA   82.000000    
 CA   54.000000    
 CA   138.00000    
 CA   144.00000    
 CA   116.00000    
 CA   122.00000    
 CA   66.000000    
 CA   138.00000    
 CA   90.000000    
 CA   82.000000    
 CA   54.000000    
 CA   116.00000    
 CA   90.000000    
 CA   122.00000    
 CA   54.000000    
 CA   98.000000    
 CA   122.00000    
 CA   90.000000    
 CA   120.00000    
 CA   90.000000    
 CA   94.000000    
 CA   98.000000    
 CA   54.000000    
 CA   94.000000    
 CA   94.000000    
 CA   94.000000    
 CA   102.00000    
 CA   108.00000    
 CA   54.000000    
 CA   102.00000    
 CA   176.00000    
 CA   102.00000    
 CA   110.00000    
 CA   110.00000    
 CA   90.000000    
 CA   90.000000    
 CA   154.00000    
 CA   98.000000    
 CA   90.000000    
 CA   144.00000    
 CA   130.00000    
 CA   90.000000    
 CA   102.00000    
 CA   98.000000    
 CA   94.000000    
 CA   82.000000    
 CA   122.00000    
 CA   110.00000    
 CA   122.00000    
 CA   102.00000    
 CA   108.00000    
 CA   90.000000    
 CA   108.00000    
 CA   154.00000    
 CA   122.00000    
 CA   110.00000    
 CA   102.00000    
 CA   102.00000    
 CA   102.00000    
 CA   144.00000    
 CA   116.00000    
 CA   82.000000    
 CA   108.00000    
 CA   130.00000    
 CA   108.00000    
 CA   138.00000    
 CA   102.00000    
 CA   90.000000    
 CA   120.00000    
 CA   66.000000    
 CA   54.000000    
 CA   108.00000    
 CA   90.000000    
 CA   120.00000    
 CA   102.00000    
 CA   144.00000    
 CA   90.000000    
 CA   102.00000    
 CA   54.000000    
 CA   130.00000    
 CA   82.000000    
 CA   122.00000    
 CA   120.00000    
 CA   108.00000    
 CA   98.000000    
 CA   90.000000    
 CA   102.00000    
 CA   116.00000    
 CA   102.00000    
 CA   116.00000    
 CA   90.000000    
 CA   110.00000    
 CA   94.000000    
 CA   66.000000    
 CA   108.00000    
 CA   90.000000    
 CA   116.00000    
 CA   94.000000    
 CA   90.000000    
 CA   116.00000    
 CA   154.00000    
 CA   116.00000    
 CA   138.00000    
 CA   90.000000    
 CA   144.00000    
 CA   102.00000    
 CA   120.00000    
 CA   90.000000    
 CA   54.000000    
 CA   120.00000    
 CA   94.000000    
 CA   138.00000    
 CA   82.000000    
 CA   90.000000    
 CA   102.00000    
 CA   66.000000    
 CA   98.000000    
 CA   154.00000    
 CA   108.00000    
 CA   54.000000    
 CA   82.000000    
 CA   90.000000    
 CA   82.000000    
 CA   54.000000    
 CA   90.000000    
 CA   154.00000    
 CA   120.00000    
 CA   98.000000    
 CA   66.000000    
 CA   122.00000    
 CA   144.00000    
 CA   90.000000    
 CA   108.00000    
 CA   138.00000    
 CA   94.000000    
 CA   102.00000    
 CA   116.00000    
 CA   54.000000    
 CA   82.000000    
 CA   138.00000    
 CA   102.00000    
 CA   108.00000    
 CA   54.000000    
 CA   82.000000    
 CA   98.000000    
 CA   54.000000    
 CA   82.000000    
 CA   90.000000    
 CA   54.000000    
 CA   138.00000    
 CA   108.00000    
 CA   102.00000    
 CA   110.00000    
 CA   66.000000    
 CA   110.00000    
 CA   98.000000    
 CA   90.000000    
 CA   82.000000    
 CA   138.00000    
 CA   98.000000    
 CA   154.00000    
 CA   122.00000    
 CA   130.00000    
 CA   130.00000    
 CA   122.00000    
 CA   122.00000    
 CA   102.00000    
 CA   90.000000    
 CA   94.000000    
 CA   54.000000    
 CA   90.000000    
 CA   130.00000    
 CA   66.000000    
 CA   54.000000    
 CA   94.000000    
 CA   110.00000    
 CA   102.00000    
 CA   122.00000    
 CA   54.000000    
 CA   108.00000    
 CA   138.00000    
 CA   154.00000    
 CA   54.000000    
 CA   90.000000    
 CA   138.00000    
 CA   90.000000    
 CA   110.00000    
 CA   144.00000    
 CA   120.00000    
 CA   94.000000    
 CA   66.000000    
 CA   120.00000    
 CA   66.000000    
 CA   66.000000    
 CA   54.000000    
 CA   94.000000    
 CA   110.00000    
 CA   94.000000    
 CA   94.000000    
 CA   102.00000    
 CA   94.000000    
 CA   90.000000    
 CA   108.00000    
 CA   90.000000    
 CA   102.00000    
 CA   66.000000    
 CA   176.00000    
 CA   102.00000    
 CA   154.00000    
 CA   66.000000    
 CA   66.000000    
 CA   90.000000    
 CA   102.00000    
 CA   108.00000    
 CA   54.000000    
 CA   110.00000    
 CA   144.00000    
 CA   176.00000    
 CA   138.00000    
 CA   102.00000    
 CA   108.00000    
 CA   144.00000    
 CA   138.00000    
 CA   94.000000    
 CA   94.000000    
 CA   94.000000    
 CA   102.00000    
 CA   108.00000    
 CA   110.00000    
 CA   138.00000    
 CA   108.00000    
 CA   102.00000    
 CA   90.000000    
 CA   66.000000    
 CA   122.00000    
 CA   116.00000    
 CA   154.00000    
 CA   108.00000    
 CA   154.00000    
 CA   122.00000    
 CA   90.000000    
 CA   102.00000    
 CA   94.000000    
 CA   120.00000    
 CA   110.00000    
 CA   130.00000    
 CA   90.000000    
 CA   110.00000    
 CA   102.00000    
 CA   102.00000    
 CA   54.000000    
 CA   90.000000    
 CA   102.00000    
 CA   82.000000    
 CA   66.000000    
 CA   120.00000    
 CA   94.000000    
 CA   54.000000    
 CA   102.00000    
 CA   66.000000    
 CA   90.000000    
 CA   102.00000    
 CA   110.00000    
 CA   122.00000    
 CA   98.000000    
 CA   66.000000    
 CA   82.000000    
 CA   102.00000    
 CA   116.00000    
 CA   122.00000    
 CA   102.00000    
 CA   102.00000    
 CA   120.00000    
 CA   108.00000    
 CA   54.000000    
 CA   122.00000    
 CA   108.00000    
 CA   54.000000    
 CA   144.00000    
 CA   94.000000    
 CA   102.00000    
 CA   102.00000    
 CA   54.000000    
 CA   82.000000    
 CA   66.000000    
 CA   102.00000    
 CA   102.00000    
 CA   122.00000    
 CA   110.00000    
 CA   122.00000    
 CA   138.00000    
 CA   94.000000    
 CA   90.000000    
 CA   138.00000    
 CA   110.00000    
 CA   90.000000    
 CA   90.000000    
 CA   144.00000    
 CA   120.00000    
 CA   98.000000    
 CA   82.000000    
 CA   54.000000    
 CA   90.000000    
 CA   94.000000    
 CA   138.00000    
 CA   82.000000    
 CA   54.000000    
 CA   138.00000    
 CA   144.00000    
 CA   116.00000    
 CA   122.00000    
 CA   66.000000    
 CA   138.00000    
 CA   90.000000    
 CA   82.000000    
 CA   54.000000    
 CA   116.00000    
 CA   90.000000    
 CA   122.00000    
 CA   54.000000    
 CA   98.000000    
 CA   122.00000    
 CA   90.000000    
 CA   120.00000    
 CA   90.000000    
 CA   94.000000    
 CA   98.000000    
 CA   54.000000    
 CA   94.000000    
 CA   94.000000    
 CA   94.000000    
 CA   102.00000    
 CA   108.00000    
 CA   54.000000    
 CA   102.00000    
 CA   176.00000    
 CA   102.00000    
 CA   110.00000    
 CA   110.00000    
 CA   90.000000    
 CA   90.000000    
 CA   154.00000    
 CA   98.000000    
 CA   90.000000    
 CA   144.00000    
 CA   130.00000    
 CA   90.000000    
 CA   102.00000    
 CA   98.000000    
 CA   94.000000    
 CA   82.000000    
 CA   122.00000    
 CA   110.00000    
 CA   122.00000    
 CA   102.00000    
 CA   108.00000    
 CA   90.000000    
 CA   108.00000    
 CA   154.00000    
 CA   122.00000    
 CA   110.00000    
 CA   102.00000    
 CA   102.00000    
 CA   102.00000    
 CA   144.00000    
 CA   116.00000    
 CA   82.000000    
 CA   108.00000    
 CA   130.00000    
 CA   108.00000    
 CA   138.00000    
 CA   102.00000    
 CA   90.000000    
 CA   120.00000    
 CA   66.000000    
 CA   54.000000    
 CA   108.00000    
 CA   90.000000    
 CA   120.00000    
 CA   102.00000    
 CA   144.00000    
 CA   90.000000    
 CA   102.00000    
 CA   54.000000    
 CA   130.00000    
 CA   82.000000    
 CA   122.00000    
 CA   120.00000    
 CA   108.00000    
 CA   98.000000    
 CA   90.000000    
 CA   102.00000    
 CA   116.00000    
 CA   102.00000    
 CA   116.00000    
 CA   90.000000    
 CA   110.00000    
 CA   94.000000    
 CA   66.000000    
 CA   108.00000    
 CA   90.000000    
 CA   116.00000    
 CA   94.000000    
 CA   90.000000    
 CA   116.00000    
 CA   154.00000    
 CA   116.00000    
 CA   138.00000    
 CA   90.000000    
 CA   144.00000    
 CA   102.00000    
 CA   120.00000    
 CA   90.000000    
 CA   54.000000    
 CA   120.00000    
 CA   94.000000    
 CA   138.00000    
 CA   82.000000    
 CA   90.000000    
 CA   102.00000    
 CA   66.000000    
 CA   98.000000    
 CA   154.00000    
 CA   108.00000    
 CA   54.000000    
 CA   82.000000    
 CA   90.000000    
 CA   82.000000    
 CA   54.000000    
 CA   90.000000    
 CA   154.00000    
 CA   120.00000    
 CA   98.000000    
 CA   66.000000    
 CA   122.00000    
 CA   144.00000    
 CA   90.000000    
 CA   108.00000    
 CA   138.00000    
 CA   94.000000    
 CA   102.00000    
 CA   116.00000    
 CA   54.000000    
 CA   82.000000    
 CA   138.00000    
 CA   102.00000    
 CA   108.00000    
 CA   54.000000    
 CA   82.000000    
 CA   98.000000    
 CA   54.000000    
 CA   82.000000    
 CA   90.000000    
 CA   54.000000    
 CA   138.00000    
 CA   108.00000    
 CA   102.00000    
 CA   110.00000    
 CA   66.000000    
 CA   110.00000    
 CA   98.000000    
 CA   90.000000    
 CA   82.000000    
 CA   138.00000    
 CA   98.000000    
 CA   154.00000    
 CA   122.00000    
 CA   130.00000    
 CA   130.00000    
 CA   122.00000    
 CA   122.00000    
 CA   102.00000    
 CA   90.000000    
 CA   94.000000    
 CA   54.000000    
 CA   90.000000    
 CA   130.00000    
 CA   66.000000    
 CA   54.000000    
 CA   94.000000    
 CA   110.00000    
 CA   102.00000    
 CA   122.00000    
 CA   54.000000    
 CA   108.00000    
 CA   138.00000    
 CA   154.00000    
 CA   54.000000    
 CA   90.000000    
 CA   138.00000    
 CA   90.000000    
 CA   110.00000    
 CA   144.00000    
 CA   120.00000    
 CA   94.000000    
 CA   66.000000    
 CA   120.00000    
 CA   66.000000    
 CA   66.000000    
 CA   54.000000    
 CA   94.000000    
 CA   110.00000    
 CA   94.000000    
 CA   94.000000    
 CA   102.00000    
 CA   94.000000    
 CA   90.000000    
 CA   108.00000    
 CA   90.000000    
 CA   102.00000    
 CA   66.000000    
 CA   176.00000    
 CA   102.00000    
 CA   154.00000    
 CA   66.000000    
 CA   66.000000    
 CA   90.000000    
 CA   102.00000    
 CA   108.00000    
 CA   54.000000    
 CA   110.00000    
 CA   144.00000    
 CA   176.00000    
 CA   138.00000    
 CA   102.00000    
 CA   108.00000    
 CA   144.00000    
 CA   138.00000    
 CA   94.000000    
 CA   94.000000    
 CA   94.000000    
 CA   102.00000    
 CA   108.00000    
 CA   110.00000    
 CA   138.00000    
 CA   108.00000    
 CA   102.00000    
 CA   90.000000    
 CA   66.000000    
 CA   122.00000    
 CA   116.00000    
 CA   154.00000    
 CA   108.00000    
 CA   154.00000    
 CA   122.00000    
 CA   90.000000    
 CA   102.00000    
 CA   94.000000    
 CA   120.00000    
 CA   110.00000    
 CA   130.00000    
 CA   90.000000    
 CA   110.00000    
 CA   102.00000    
 CA   102.00000    
 CA   54.000000    
 CA   90.000000    
 CA   102.00000    
 CA   82.000000    
 CA   66.000000    
 CA   120.00000    
 CA   94.000000    
 CA   54.000000    
 CA   102.00000    
 CA   66.000000    
 CA   90.000000    
 CA   102.00000    
 CA   110.00000    
 CA   122.00000    
 CA   98.000000    
 CA   66.000000    
 CA   82.000000    
 CA   102.00000    
 CA   116.00000    
 CA   122.00000    
 CA   102.00000    
 CA   102.00000    
 CA   120.00000    
 CA   108.00000    
 CA   54.000000    
 CA   122.00000    
 CA   108.00000    
 CA   54.000000    
 CA   144.00000    
 CA   94.000000    
 CA   102.00000    
 CA   102.00000    
 CA   54.000000    
 CA   82.000000    
 CA   66.000000    
 CA   102.00000    
 CA   102.00000    
 CA   122.00000    
 CA   110.00000    
 CA   122.00000    
 CA   138.00000    
 CA   94.000000    
 CA   90.000000    
 CA   138.00000    
 CA   110.00000    
 CA   90.000000    
 CA   90.000000    
 CA   144.00000    
 CA   120.00000    
 CA   98.000000    
 CA   82.000000    
 CA   54.000000    
 CA   90.000000    
 CA   94.000000    
 CA   138.00000    
 CA   326.00000    
